
------------------ Wed Jan 13 23:07:51 CET 2010
java.sql.SQLException: ORA-01424: caractère manquant ou interdit suit le caractère d'échappement

	at oracle.jdbc.driver.T4CTTIoer.processError(T4CTTIoer.java:439)
	at oracle.jdbc.driver.T4CTTIoer.processError(T4CTTIoer.java:395)
	at oracle.jdbc.driver.T4C8Oall.processError(T4C8Oall.java:802)
	at oracle.jdbc.driver.T4CTTIfun.receive(T4CTTIfun.java:436)
	at oracle.jdbc.driver.T4CTTIfun.doRPC(T4CTTIfun.java:186)
	at oracle.jdbc.driver.T4C8Oall.doOALL(T4C8Oall.java:521)
	at oracle.jdbc.driver.T4CPreparedStatement.doOall8(T4CPreparedStatement.java:205)
	at oracle.jdbc.driver.T4CPreparedStatement.executeForRows(T4CPreparedStatement.java:1008)
	at oracle.jdbc.driver.OracleStatement.executeMaybeDescribe(OracleStatement.java:1177)
	at oracle.jdbc.driver.OracleStatement.doExecuteWithTimeout(OracleStatement.java:1267)
	at oracle.jdbc.driver.OraclePreparedStatement.executeInternal(OraclePreparedStatement.java:3449)
	at oracle.jdbc.driver.OraclePreparedStatement.executeQuery(OraclePreparedStatement.java:3493)
	at oracle.jdbc.driver.OraclePreparedStatementWrapper.executeQuery(OraclePreparedStatementWrapper.java:1203)
	at oracle.jdbc.driver.OracleDatabaseMetaData.getColumnsWithWildcards(OracleDatabaseMetaData.java:326)
	at oracle.jdbc.driver.OracleDatabaseMetaData.getColumns(OracleDatabaseMetaData.java:125)
	at com.hudson.hibernatesynchronizer.db.MetaDataRetriever.readTableColumns(MetaDataRetriever.java:136)
	at com.hudson.hibernatesynchronizer.db.MetaDataRetriever.getTables(MetaDataRetriever.java:118)
	at com.hudson.hibernatesynchronizer.wizard.MappingWizardConnectionRunnable.run(MappingWizardConnectionRunnable.java:55)
	at org.eclipse.swt.custom.BusyIndicator.showWhile(BusyIndicator.java:70)
	at com.hudson.hibernatesynchronizer.wizard.NewMappingWizardPage.refreshTables(NewMappingWizardPage.java:665)
	at com.hudson.hibernatesynchronizer.wizard.NewMappingWizardPage.access$8(NewMappingWizardPage.java:657)
	at com.hudson.hibernatesynchronizer.wizard.NewMappingWizardPage$14.run(NewMappingWizardPage.java:532)
	at org.eclipse.jface.operation.ModalContext.runInCurrentThread(ModalContext.java:464)
	at org.eclipse.jface.operation.ModalContext.run(ModalContext.java:372)
	at org.eclipse.jface.dialogs.ProgressMonitorDialog.run(ProgressMonitorDialog.java:507)
	at com.hudson.hibernatesynchronizer.wizard.NewMappingWizardPage$13.widgetSelected(NewMappingWizardPage.java:526)
	at org.eclipse.swt.widgets.TypedListener.handleEvent(TypedListener.java:228)
	at org.eclipse.swt.widgets.EventTable.sendEvent(EventTable.java:84)
	at org.eclipse.swt.widgets.Widget.sendEvent(Widget.java:1003)
	at org.eclipse.swt.widgets.Display.runDeferredEvents(Display.java:3880)
	at org.eclipse.swt.widgets.Display.readAndDispatch(Display.java:3473)
	at org.eclipse.jface.window.Window.runEventLoop(Window.java:825)
	at org.eclipse.jface.window.Window.open(Window.java:801)
	at org.eclipse.ui.internal.handlers.WizardHandler$New.executeHandler(WizardHandler.java:253)
	at org.eclipse.ui.internal.handlers.WizardHandler.execute(WizardHandler.java:273)
	at org.eclipse.ui.internal.handlers.HandlerProxy.execute(HandlerProxy.java:294)
	at org.eclipse.core.commands.Command.executeWithChecks(Command.java:476)
	at org.eclipse.core.commands.ParameterizedCommand.executeWithChecks(ParameterizedCommand.java:508)
	at org.eclipse.ui.internal.handlers.HandlerService.executeCommand(HandlerService.java:169)
	at org.eclipse.ui.internal.handlers.SlaveHandlerService.executeCommand(SlaveHandlerService.java:241)
	at org.eclipse.ui.internal.actions.CommandAction.runWithEvent(CommandAction.java:157)
	at org.eclipse.jface.action.ActionContributionItem.handleWidgetSelection(ActionContributionItem.java:584)
	at org.eclipse.jface.action.ActionContributionItem.access$2(ActionContributionItem.java:501)
	at org.eclipse.jface.action.ActionContributionItem$5.handleEvent(ActionContributionItem.java:411)
	at org.eclipse.swt.widgets.EventTable.sendEvent(EventTable.java:84)
	at org.eclipse.swt.widgets.Widget.sendEvent(Widget.java:1003)
	at org.eclipse.swt.widgets.Display.runDeferredEvents(Display.java:3880)
	at org.eclipse.swt.widgets.Display.readAndDispatch(Display.java:3473)
	at org.eclipse.ui.internal.Workbench.runEventLoop(Workbench.java:2405)
	at org.eclipse.ui.internal.Workbench.runUI(Workbench.java:2369)
	at org.eclipse.ui.internal.Workbench.access$4(Workbench.java:2221)
	at org.eclipse.ui.internal.Workbench$5.run(Workbench.java:500)
	at org.eclipse.core.databinding.observable.Realm.runWithDefault(Realm.java:332)
	at org.eclipse.ui.internal.Workbench.createAndRunWorkbench(Workbench.java:493)
	at org.eclipse.ui.PlatformUI.createAndRunWorkbench(PlatformUI.java:149)
	at org.eclipse.ui.internal.ide.application.IDEApplication.start(IDEApplication.java:113)
	at org.eclipse.equinox.internal.app.EclipseAppHandle.run(EclipseAppHandle.java:194)
	at org.eclipse.core.runtime.internal.adaptor.EclipseAppLauncher.runApplication(EclipseAppLauncher.java:110)
	at org.eclipse.core.runtime.internal.adaptor.EclipseAppLauncher.start(EclipseAppLauncher.java:79)
	at org.eclipse.core.runtime.adaptor.EclipseStarter.run(EclipseStarter.java:368)
	at org.eclipse.core.runtime.adaptor.EclipseStarter.run(EclipseStarter.java:179)
	at sun.reflect.NativeMethodAccessorImpl.invoke0(Native Method)
	at sun.reflect.NativeMethodAccessorImpl.invoke(Unknown Source)
	at sun.reflect.DelegatingMethodAccessorImpl.invoke(Unknown Source)
	at java.lang.reflect.Method.invoke(Unknown Source)
	at org.eclipse.equinox.launcher.Main.invokeFramework(Main.java:559)
	at org.eclipse.equinox.launcher.Main.basicRun(Main.java:514)
	at org.eclipse.equinox.launcher.Main.run(Main.java:1311)

------------------ Wed Jan 13 23:08:08 CET 2010
java.sql.SQLException: ORA-01424: caractère manquant ou interdit suit le caractère d'échappement

	at oracle.jdbc.driver.T4CTTIoer.processError(T4CTTIoer.java:439)
	at oracle.jdbc.driver.T4CTTIoer.processError(T4CTTIoer.java:395)
	at oracle.jdbc.driver.T4C8Oall.processError(T4C8Oall.java:802)
	at oracle.jdbc.driver.T4CTTIfun.receive(T4CTTIfun.java:436)
	at oracle.jdbc.driver.T4CTTIfun.doRPC(T4CTTIfun.java:186)
	at oracle.jdbc.driver.T4C8Oall.doOALL(T4C8Oall.java:521)
	at oracle.jdbc.driver.T4CPreparedStatement.doOall8(T4CPreparedStatement.java:205)
	at oracle.jdbc.driver.T4CPreparedStatement.executeForRows(T4CPreparedStatement.java:1008)
	at oracle.jdbc.driver.OracleStatement.executeMaybeDescribe(OracleStatement.java:1177)
	at oracle.jdbc.driver.OracleStatement.doExecuteWithTimeout(OracleStatement.java:1267)
	at oracle.jdbc.driver.OraclePreparedStatement.executeInternal(OraclePreparedStatement.java:3449)
	at oracle.jdbc.driver.OraclePreparedStatement.executeQuery(OraclePreparedStatement.java:3493)
	at oracle.jdbc.driver.OraclePreparedStatementWrapper.executeQuery(OraclePreparedStatementWrapper.java:1203)
	at oracle.jdbc.driver.OracleDatabaseMetaData.getColumnsWithWildcards(OracleDatabaseMetaData.java:326)
	at oracle.jdbc.driver.OracleDatabaseMetaData.getColumns(OracleDatabaseMetaData.java:125)
	at com.hudson.hibernatesynchronizer.db.MetaDataRetriever.readTableColumns(MetaDataRetriever.java:136)
	at com.hudson.hibernatesynchronizer.db.MetaDataRetriever.getTables(MetaDataRetriever.java:118)
	at com.hudson.hibernatesynchronizer.wizard.MappingWizardConnectionRunnable.run(MappingWizardConnectionRunnable.java:55)
	at org.eclipse.swt.custom.BusyIndicator.showWhile(BusyIndicator.java:70)
	at com.hudson.hibernatesynchronizer.wizard.NewMappingWizardPage.refreshTables(NewMappingWizardPage.java:665)
	at com.hudson.hibernatesynchronizer.wizard.NewMappingWizardPage.access$8(NewMappingWizardPage.java:657)
	at com.hudson.hibernatesynchronizer.wizard.NewMappingWizardPage$14.run(NewMappingWizardPage.java:532)
	at org.eclipse.jface.operation.ModalContext.runInCurrentThread(ModalContext.java:464)
	at org.eclipse.jface.operation.ModalContext.run(ModalContext.java:372)
	at org.eclipse.jface.dialogs.ProgressMonitorDialog.run(ProgressMonitorDialog.java:507)
	at com.hudson.hibernatesynchronizer.wizard.NewMappingWizardPage$13.widgetSelected(NewMappingWizardPage.java:526)
	at org.eclipse.swt.widgets.TypedListener.handleEvent(TypedListener.java:228)
	at org.eclipse.swt.widgets.EventTable.sendEvent(EventTable.java:84)
	at org.eclipse.swt.widgets.Widget.sendEvent(Widget.java:1003)
	at org.eclipse.swt.widgets.Display.runDeferredEvents(Display.java:3880)
	at org.eclipse.swt.widgets.Display.readAndDispatch(Display.java:3473)
	at org.eclipse.jface.window.Window.runEventLoop(Window.java:825)
	at org.eclipse.jface.window.Window.open(Window.java:801)
	at org.eclipse.ui.internal.handlers.WizardHandler$New.executeHandler(WizardHandler.java:253)
	at org.eclipse.ui.internal.handlers.WizardHandler.execute(WizardHandler.java:273)
	at org.eclipse.ui.internal.handlers.HandlerProxy.execute(HandlerProxy.java:294)
	at org.eclipse.core.commands.Command.executeWithChecks(Command.java:476)
	at org.eclipse.core.commands.ParameterizedCommand.executeWithChecks(ParameterizedCommand.java:508)
	at org.eclipse.ui.internal.handlers.HandlerService.executeCommand(HandlerService.java:169)
	at org.eclipse.ui.internal.handlers.SlaveHandlerService.executeCommand(SlaveHandlerService.java:241)
	at org.eclipse.ui.internal.actions.CommandAction.runWithEvent(CommandAction.java:157)
	at org.eclipse.jface.action.ActionContributionItem.handleWidgetSelection(ActionContributionItem.java:584)
	at org.eclipse.jface.action.ActionContributionItem.access$2(ActionContributionItem.java:501)
	at org.eclipse.jface.action.ActionContributionItem$5.handleEvent(ActionContributionItem.java:411)
	at org.eclipse.swt.widgets.EventTable.sendEvent(EventTable.java:84)
	at org.eclipse.swt.widgets.Widget.sendEvent(Widget.java:1003)
	at org.eclipse.swt.widgets.Display.runDeferredEvents(Display.java:3880)
	at org.eclipse.swt.widgets.Display.readAndDispatch(Display.java:3473)
	at org.eclipse.ui.internal.Workbench.runEventLoop(Workbench.java:2405)
	at org.eclipse.ui.internal.Workbench.runUI(Workbench.java:2369)
	at org.eclipse.ui.internal.Workbench.access$4(Workbench.java:2221)
	at org.eclipse.ui.internal.Workbench$5.run(Workbench.java:500)
	at org.eclipse.core.databinding.observable.Realm.runWithDefault(Realm.java:332)
	at org.eclipse.ui.internal.Workbench.createAndRunWorkbench(Workbench.java:493)
	at org.eclipse.ui.PlatformUI.createAndRunWorkbench(PlatformUI.java:149)
	at org.eclipse.ui.internal.ide.application.IDEApplication.start(IDEApplication.java:113)
	at org.eclipse.equinox.internal.app.EclipseAppHandle.run(EclipseAppHandle.java:194)
	at org.eclipse.core.runtime.internal.adaptor.EclipseAppLauncher.runApplication(EclipseAppLauncher.java:110)
	at org.eclipse.core.runtime.internal.adaptor.EclipseAppLauncher.start(EclipseAppLauncher.java:79)
	at org.eclipse.core.runtime.adaptor.EclipseStarter.run(EclipseStarter.java:368)
	at org.eclipse.core.runtime.adaptor.EclipseStarter.run(EclipseStarter.java:179)
	at sun.reflect.NativeMethodAccessorImpl.invoke0(Native Method)
	at sun.reflect.NativeMethodAccessorImpl.invoke(Unknown Source)
	at sun.reflect.DelegatingMethodAccessorImpl.invoke(Unknown Source)
	at java.lang.reflect.Method.invoke(Unknown Source)
	at org.eclipse.equinox.launcher.Main.invokeFramework(Main.java:559)
	at org.eclipse.equinox.launcher.Main.basicRun(Main.java:514)
	at org.eclipse.equinox.launcher.Main.run(Main.java:1311)

------------------ Wed Jan 13 23:08:17 CET 2010
java.sql.SQLException: ORA-01424: caractère manquant ou interdit suit le caractère d'échappement

	at oracle.jdbc.driver.T4CTTIoer.processError(T4CTTIoer.java:439)
	at oracle.jdbc.driver.T4CTTIoer.processError(T4CTTIoer.java:395)
	at oracle.jdbc.driver.T4C8Oall.processError(T4C8Oall.java:802)
	at oracle.jdbc.driver.T4CTTIfun.receive(T4CTTIfun.java:436)
	at oracle.jdbc.driver.T4CTTIfun.doRPC(T4CTTIfun.java:186)
	at oracle.jdbc.driver.T4C8Oall.doOALL(T4C8Oall.java:521)
	at oracle.jdbc.driver.T4CPreparedStatement.doOall8(T4CPreparedStatement.java:205)
	at oracle.jdbc.driver.T4CPreparedStatement.executeForRows(T4CPreparedStatement.java:1008)
	at oracle.jdbc.driver.OracleStatement.executeMaybeDescribe(OracleStatement.java:1177)
	at oracle.jdbc.driver.OracleStatement.doExecuteWithTimeout(OracleStatement.java:1267)
	at oracle.jdbc.driver.OraclePreparedStatement.executeInternal(OraclePreparedStatement.java:3449)
	at oracle.jdbc.driver.OraclePreparedStatement.executeQuery(OraclePreparedStatement.java:3493)
	at oracle.jdbc.driver.OraclePreparedStatementWrapper.executeQuery(OraclePreparedStatementWrapper.java:1203)
	at oracle.jdbc.driver.OracleDatabaseMetaData.getColumnsWithWildcards(OracleDatabaseMetaData.java:326)
	at oracle.jdbc.driver.OracleDatabaseMetaData.getColumns(OracleDatabaseMetaData.java:125)
	at com.hudson.hibernatesynchronizer.db.MetaDataRetriever.readTableColumns(MetaDataRetriever.java:136)
	at com.hudson.hibernatesynchronizer.db.MetaDataRetriever.getTables(MetaDataRetriever.java:118)
	at com.hudson.hibernatesynchronizer.wizard.MappingWizardConnectionRunnable.run(MappingWizardConnectionRunnable.java:55)
	at org.eclipse.swt.custom.BusyIndicator.showWhile(BusyIndicator.java:70)
	at com.hudson.hibernatesynchronizer.wizard.NewMappingWizardPage.refreshTables(NewMappingWizardPage.java:665)
	at com.hudson.hibernatesynchronizer.wizard.NewMappingWizardPage.access$8(NewMappingWizardPage.java:657)
	at com.hudson.hibernatesynchronizer.wizard.NewMappingWizardPage$14.run(NewMappingWizardPage.java:532)
	at org.eclipse.jface.operation.ModalContext.runInCurrentThread(ModalContext.java:464)
	at org.eclipse.jface.operation.ModalContext.run(ModalContext.java:372)
	at org.eclipse.jface.dialogs.ProgressMonitorDialog.run(ProgressMonitorDialog.java:507)
	at com.hudson.hibernatesynchronizer.wizard.NewMappingWizardPage$13.widgetSelected(NewMappingWizardPage.java:526)
	at org.eclipse.swt.widgets.TypedListener.handleEvent(TypedListener.java:228)
	at org.eclipse.swt.widgets.EventTable.sendEvent(EventTable.java:84)
	at org.eclipse.swt.widgets.Widget.sendEvent(Widget.java:1003)
	at org.eclipse.swt.widgets.Display.runDeferredEvents(Display.java:3880)
	at org.eclipse.swt.widgets.Display.readAndDispatch(Display.java:3473)
	at org.eclipse.jface.window.Window.runEventLoop(Window.java:825)
	at org.eclipse.jface.window.Window.open(Window.java:801)
	at org.eclipse.ui.internal.handlers.WizardHandler$New.executeHandler(WizardHandler.java:253)
	at org.eclipse.ui.internal.handlers.WizardHandler.execute(WizardHandler.java:273)
	at org.eclipse.ui.internal.handlers.HandlerProxy.execute(HandlerProxy.java:294)
	at org.eclipse.core.commands.Command.executeWithChecks(Command.java:476)
	at org.eclipse.core.commands.ParameterizedCommand.executeWithChecks(ParameterizedCommand.java:508)
	at org.eclipse.ui.internal.handlers.HandlerService.executeCommand(HandlerService.java:169)
	at org.eclipse.ui.internal.handlers.SlaveHandlerService.executeCommand(SlaveHandlerService.java:241)
	at org.eclipse.ui.internal.actions.CommandAction.runWithEvent(CommandAction.java:157)
	at org.eclipse.jface.action.ActionContributionItem.handleWidgetSelection(ActionContributionItem.java:584)
	at org.eclipse.jface.action.ActionContributionItem.access$2(ActionContributionItem.java:501)
	at org.eclipse.jface.action.ActionContributionItem$5.handleEvent(ActionContributionItem.java:411)
	at org.eclipse.swt.widgets.EventTable.sendEvent(EventTable.java:84)
	at org.eclipse.swt.widgets.Widget.sendEvent(Widget.java:1003)
	at org.eclipse.swt.widgets.Display.runDeferredEvents(Display.java:3880)
	at org.eclipse.swt.widgets.Display.readAndDispatch(Display.java:3473)
	at org.eclipse.ui.internal.Workbench.runEventLoop(Workbench.java:2405)
	at org.eclipse.ui.internal.Workbench.runUI(Workbench.java:2369)
	at org.eclipse.ui.internal.Workbench.access$4(Workbench.java:2221)
	at org.eclipse.ui.internal.Workbench$5.run(Workbench.java:500)
	at org.eclipse.core.databinding.observable.Realm.runWithDefault(Realm.java:332)
	at org.eclipse.ui.internal.Workbench.createAndRunWorkbench(Workbench.java:493)
	at org.eclipse.ui.PlatformUI.createAndRunWorkbench(PlatformUI.java:149)
	at org.eclipse.ui.internal.ide.application.IDEApplication.start(IDEApplication.java:113)
	at org.eclipse.equinox.internal.app.EclipseAppHandle.run(EclipseAppHandle.java:194)
	at org.eclipse.core.runtime.internal.adaptor.EclipseAppLauncher.runApplication(EclipseAppLauncher.java:110)
	at org.eclipse.core.runtime.internal.adaptor.EclipseAppLauncher.start(EclipseAppLauncher.java:79)
	at org.eclipse.core.runtime.adaptor.EclipseStarter.run(EclipseStarter.java:368)
	at org.eclipse.core.runtime.adaptor.EclipseStarter.run(EclipseStarter.java:179)
	at sun.reflect.NativeMethodAccessorImpl.invoke0(Native Method)
	at sun.reflect.NativeMethodAccessorImpl.invoke(Unknown Source)
	at sun.reflect.DelegatingMethodAccessorImpl.invoke(Unknown Source)
	at java.lang.reflect.Method.invoke(Unknown Source)
	at org.eclipse.equinox.launcher.Main.invokeFramework(Main.java:559)
	at org.eclipse.equinox.launcher.Main.basicRun(Main.java:514)
	at org.eclipse.equinox.launcher.Main.run(Main.java:1311)

------------------ Wed Jan 13 23:09:41 CET 2010
java.sql.SQLException: ORA-01424: caractère manquant ou interdit suit le caractère d'échappement

	at oracle.jdbc.driver.T4CTTIoer.processError(T4CTTIoer.java:439)
	at oracle.jdbc.driver.T4CTTIoer.processError(T4CTTIoer.java:395)
	at oracle.jdbc.driver.T4C8Oall.processError(T4C8Oall.java:802)
	at oracle.jdbc.driver.T4CTTIfun.receive(T4CTTIfun.java:436)
	at oracle.jdbc.driver.T4CTTIfun.doRPC(T4CTTIfun.java:186)
	at oracle.jdbc.driver.T4C8Oall.doOALL(T4C8Oall.java:521)
	at oracle.jdbc.driver.T4CPreparedStatement.doOall8(T4CPreparedStatement.java:205)
	at oracle.jdbc.driver.T4CPreparedStatement.executeForRows(T4CPreparedStatement.java:1008)
	at oracle.jdbc.driver.OracleStatement.executeMaybeDescribe(OracleStatement.java:1177)
	at oracle.jdbc.driver.OracleStatement.doExecuteWithTimeout(OracleStatement.java:1267)
	at oracle.jdbc.driver.OraclePreparedStatement.executeInternal(OraclePreparedStatement.java:3449)
	at oracle.jdbc.driver.OraclePreparedStatement.executeQuery(OraclePreparedStatement.java:3493)
	at oracle.jdbc.driver.OraclePreparedStatementWrapper.executeQuery(OraclePreparedStatementWrapper.java:1203)
	at oracle.jdbc.driver.OracleDatabaseMetaData.getColumnsWithWildcards(OracleDatabaseMetaData.java:326)
	at oracle.jdbc.driver.OracleDatabaseMetaData.getColumns(OracleDatabaseMetaData.java:125)
	at com.hudson.hibernatesynchronizer.db.MetaDataRetriever.readTableColumns(MetaDataRetriever.java:136)
	at com.hudson.hibernatesynchronizer.db.MetaDataRetriever.getTables(MetaDataRetriever.java:118)
	at com.hudson.hibernatesynchronizer.wizard.MappingWizardConnectionRunnable.run(MappingWizardConnectionRunnable.java:55)
	at org.eclipse.swt.custom.BusyIndicator.showWhile(BusyIndicator.java:70)
	at com.hudson.hibernatesynchronizer.wizard.NewMappingWizardPage.refreshTables(NewMappingWizardPage.java:665)
	at com.hudson.hibernatesynchronizer.wizard.NewMappingWizardPage.access$8(NewMappingWizardPage.java:657)
	at com.hudson.hibernatesynchronizer.wizard.NewMappingWizardPage$14.run(NewMappingWizardPage.java:532)
	at org.eclipse.jface.operation.ModalContext.runInCurrentThread(ModalContext.java:464)
	at org.eclipse.jface.operation.ModalContext.run(ModalContext.java:372)
	at org.eclipse.jface.dialogs.ProgressMonitorDialog.run(ProgressMonitorDialog.java:507)
	at com.hudson.hibernatesynchronizer.wizard.NewMappingWizardPage$13.widgetSelected(NewMappingWizardPage.java:526)
	at org.eclipse.swt.widgets.TypedListener.handleEvent(TypedListener.java:228)
	at org.eclipse.swt.widgets.EventTable.sendEvent(EventTable.java:84)
	at org.eclipse.swt.widgets.Widget.sendEvent(Widget.java:1003)
	at org.eclipse.swt.widgets.Display.runDeferredEvents(Display.java:3880)
	at org.eclipse.swt.widgets.Display.readAndDispatch(Display.java:3473)
	at org.eclipse.jface.window.Window.runEventLoop(Window.java:825)
	at org.eclipse.jface.window.Window.open(Window.java:801)
	at org.eclipse.ui.internal.handlers.WizardHandler$New.executeHandler(WizardHandler.java:253)
	at org.eclipse.ui.internal.handlers.WizardHandler.execute(WizardHandler.java:273)
	at org.eclipse.ui.internal.handlers.HandlerProxy.execute(HandlerProxy.java:294)
	at org.eclipse.core.commands.Command.executeWithChecks(Command.java:476)
	at org.eclipse.core.commands.ParameterizedCommand.executeWithChecks(ParameterizedCommand.java:508)
	at org.eclipse.ui.internal.handlers.HandlerService.executeCommand(HandlerService.java:169)
	at org.eclipse.ui.internal.handlers.SlaveHandlerService.executeCommand(SlaveHandlerService.java:241)
	at org.eclipse.ui.internal.actions.CommandAction.runWithEvent(CommandAction.java:157)
	at org.eclipse.jface.action.ActionContributionItem.handleWidgetSelection(ActionContributionItem.java:584)
	at org.eclipse.jface.action.ActionContributionItem.access$2(ActionContributionItem.java:501)
	at org.eclipse.jface.action.ActionContributionItem$5.handleEvent(ActionContributionItem.java:411)
	at org.eclipse.swt.widgets.EventTable.sendEvent(EventTable.java:84)
	at org.eclipse.swt.widgets.Widget.sendEvent(Widget.java:1003)
	at org.eclipse.swt.widgets.Display.runDeferredEvents(Display.java:3880)
	at org.eclipse.swt.widgets.Display.readAndDispatch(Display.java:3473)
	at org.eclipse.ui.internal.Workbench.runEventLoop(Workbench.java:2405)
	at org.eclipse.ui.internal.Workbench.runUI(Workbench.java:2369)
	at org.eclipse.ui.internal.Workbench.access$4(Workbench.java:2221)
	at org.eclipse.ui.internal.Workbench$5.run(Workbench.java:500)
	at org.eclipse.core.databinding.observable.Realm.runWithDefault(Realm.java:332)
	at org.eclipse.ui.internal.Workbench.createAndRunWorkbench(Workbench.java:493)
	at org.eclipse.ui.PlatformUI.createAndRunWorkbench(PlatformUI.java:149)
	at org.eclipse.ui.internal.ide.application.IDEApplication.start(IDEApplication.java:113)
	at org.eclipse.equinox.internal.app.EclipseAppHandle.run(EclipseAppHandle.java:194)
	at org.eclipse.core.runtime.internal.adaptor.EclipseAppLauncher.runApplication(EclipseAppLauncher.java:110)
	at org.eclipse.core.runtime.internal.adaptor.EclipseAppLauncher.start(EclipseAppLauncher.java:79)
	at org.eclipse.core.runtime.adaptor.EclipseStarter.run(EclipseStarter.java:368)
	at org.eclipse.core.runtime.adaptor.EclipseStarter.run(EclipseStarter.java:179)
	at sun.reflect.NativeMethodAccessorImpl.invoke0(Native Method)
	at sun.reflect.NativeMethodAccessorImpl.invoke(Unknown Source)
	at sun.reflect.DelegatingMethodAccessorImpl.invoke(Unknown Source)
	at java.lang.reflect.Method.invoke(Unknown Source)
	at org.eclipse.equinox.launcher.Main.invokeFramework(Main.java:559)
	at org.eclipse.equinox.launcher.Main.basicRun(Main.java:514)
	at org.eclipse.equinox.launcher.Main.run(Main.java:1311)

------------------ Wed Jan 13 23:09:43 CET 2010
java.sql.SQLException: ORA-01424: caractère manquant ou interdit suit le caractère d'échappement

	at oracle.jdbc.driver.T4CTTIoer.processError(T4CTTIoer.java:439)
	at oracle.jdbc.driver.T4CTTIoer.processError(T4CTTIoer.java:395)
	at oracle.jdbc.driver.T4C8Oall.processError(T4C8Oall.java:802)
	at oracle.jdbc.driver.T4CTTIfun.receive(T4CTTIfun.java:436)
	at oracle.jdbc.driver.T4CTTIfun.doRPC(T4CTTIfun.java:186)
	at oracle.jdbc.driver.T4C8Oall.doOALL(T4C8Oall.java:521)
	at oracle.jdbc.driver.T4CPreparedStatement.doOall8(T4CPreparedStatement.java:205)
	at oracle.jdbc.driver.T4CPreparedStatement.executeForRows(T4CPreparedStatement.java:1008)
	at oracle.jdbc.driver.OracleStatement.executeMaybeDescribe(OracleStatement.java:1177)
	at oracle.jdbc.driver.OracleStatement.doExecuteWithTimeout(OracleStatement.java:1267)
	at oracle.jdbc.driver.OraclePreparedStatement.executeInternal(OraclePreparedStatement.java:3449)
	at oracle.jdbc.driver.OraclePreparedStatement.executeQuery(OraclePreparedStatement.java:3493)
	at oracle.jdbc.driver.OraclePreparedStatementWrapper.executeQuery(OraclePreparedStatementWrapper.java:1203)
	at oracle.jdbc.driver.OracleDatabaseMetaData.getColumnsWithWildcards(OracleDatabaseMetaData.java:326)
	at oracle.jdbc.driver.OracleDatabaseMetaData.getColumns(OracleDatabaseMetaData.java:125)
	at com.hudson.hibernatesynchronizer.db.MetaDataRetriever.readTableColumns(MetaDataRetriever.java:136)
	at com.hudson.hibernatesynchronizer.db.MetaDataRetriever.getTables(MetaDataRetriever.java:118)
	at com.hudson.hibernatesynchronizer.wizard.MappingWizardConnectionRunnable.run(MappingWizardConnectionRunnable.java:55)
	at org.eclipse.swt.custom.BusyIndicator.showWhile(BusyIndicator.java:70)
	at com.hudson.hibernatesynchronizer.wizard.NewMappingWizardPage.refreshTables(NewMappingWizardPage.java:665)
	at com.hudson.hibernatesynchronizer.wizard.NewMappingWizardPage.access$8(NewMappingWizardPage.java:657)
	at com.hudson.hibernatesynchronizer.wizard.NewMappingWizardPage$14.run(NewMappingWizardPage.java:532)
	at org.eclipse.jface.operation.ModalContext.runInCurrentThread(ModalContext.java:464)
	at org.eclipse.jface.operation.ModalContext.run(ModalContext.java:372)
	at org.eclipse.jface.dialogs.ProgressMonitorDialog.run(ProgressMonitorDialog.java:507)
	at com.hudson.hibernatesynchronizer.wizard.NewMappingWizardPage$13.widgetSelected(NewMappingWizardPage.java:526)
	at org.eclipse.swt.widgets.TypedListener.handleEvent(TypedListener.java:228)
	at org.eclipse.swt.widgets.EventTable.sendEvent(EventTable.java:84)
	at org.eclipse.swt.widgets.Widget.sendEvent(Widget.java:1003)
	at org.eclipse.swt.widgets.Display.runDeferredEvents(Display.java:3880)
	at org.eclipse.swt.widgets.Display.readAndDispatch(Display.java:3473)
	at org.eclipse.jface.window.Window.runEventLoop(Window.java:825)
	at org.eclipse.jface.window.Window.open(Window.java:801)
	at org.eclipse.ui.internal.handlers.WizardHandler$New.executeHandler(WizardHandler.java:253)
	at org.eclipse.ui.internal.handlers.WizardHandler.execute(WizardHandler.java:273)
	at org.eclipse.ui.internal.handlers.HandlerProxy.execute(HandlerProxy.java:294)
	at org.eclipse.core.commands.Command.executeWithChecks(Command.java:476)
	at org.eclipse.core.commands.ParameterizedCommand.executeWithChecks(ParameterizedCommand.java:508)
	at org.eclipse.ui.internal.handlers.HandlerService.executeCommand(HandlerService.java:169)
	at org.eclipse.ui.internal.handlers.SlaveHandlerService.executeCommand(SlaveHandlerService.java:241)
	at org.eclipse.ui.internal.actions.CommandAction.runWithEvent(CommandAction.java:157)
	at org.eclipse.jface.action.ActionContributionItem.handleWidgetSelection(ActionContributionItem.java:584)
	at org.eclipse.jface.action.ActionContributionItem.access$2(ActionContributionItem.java:501)
	at org.eclipse.jface.action.ActionContributionItem$5.handleEvent(ActionContributionItem.java:411)
	at org.eclipse.swt.widgets.EventTable.sendEvent(EventTable.java:84)
	at org.eclipse.swt.widgets.Widget.sendEvent(Widget.java:1003)
	at org.eclipse.swt.widgets.Display.runDeferredEvents(Display.java:3880)
	at org.eclipse.swt.widgets.Display.readAndDispatch(Display.java:3473)
	at org.eclipse.ui.internal.Workbench.runEventLoop(Workbench.java:2405)
	at org.eclipse.ui.internal.Workbench.runUI(Workbench.java:2369)
	at org.eclipse.ui.internal.Workbench.access$4(Workbench.java:2221)
	at org.eclipse.ui.internal.Workbench$5.run(Workbench.java:500)
	at org.eclipse.core.databinding.observable.Realm.runWithDefault(Realm.java:332)
	at org.eclipse.ui.internal.Workbench.createAndRunWorkbench(Workbench.java:493)
	at org.eclipse.ui.PlatformUI.createAndRunWorkbench(PlatformUI.java:149)
	at org.eclipse.ui.internal.ide.application.IDEApplication.start(IDEApplication.java:113)
	at org.eclipse.equinox.internal.app.EclipseAppHandle.run(EclipseAppHandle.java:194)
	at org.eclipse.core.runtime.internal.adaptor.EclipseAppLauncher.runApplication(EclipseAppLauncher.java:110)
	at org.eclipse.core.runtime.internal.adaptor.EclipseAppLauncher.start(EclipseAppLauncher.java:79)
	at org.eclipse.core.runtime.adaptor.EclipseStarter.run(EclipseStarter.java:368)
	at org.eclipse.core.runtime.adaptor.EclipseStarter.run(EclipseStarter.java:179)
	at sun.reflect.NativeMethodAccessorImpl.invoke0(Native Method)
	at sun.reflect.NativeMethodAccessorImpl.invoke(Unknown Source)
	at sun.reflect.DelegatingMethodAccessorImpl.invoke(Unknown Source)
	at java.lang.reflect.Method.invoke(Unknown Source)
	at org.eclipse.equinox.launcher.Main.invokeFramework(Main.java:559)
	at org.eclipse.equinox.launcher.Main.basicRun(Main.java:514)
	at org.eclipse.equinox.launcher.Main.run(Main.java:1311)

------------------ Wed Jan 13 23:10:33 CET 2010
java.sql.SQLException: ORA-01424: caractère manquant ou interdit suit le caractère d'échappement

	at oracle.jdbc.driver.T4CTTIoer.processError(T4CTTIoer.java:439)
	at oracle.jdbc.driver.T4CTTIoer.processError(T4CTTIoer.java:395)
	at oracle.jdbc.driver.T4C8Oall.processError(T4C8Oall.java:802)
	at oracle.jdbc.driver.T4CTTIfun.receive(T4CTTIfun.java:436)
	at oracle.jdbc.driver.T4CTTIfun.doRPC(T4CTTIfun.java:186)
	at oracle.jdbc.driver.T4C8Oall.doOALL(T4C8Oall.java:521)
	at oracle.jdbc.driver.T4CPreparedStatement.doOall8(T4CPreparedStatement.java:205)
	at oracle.jdbc.driver.T4CPreparedStatement.executeForRows(T4CPreparedStatement.java:1008)
	at oracle.jdbc.driver.OracleStatement.executeMaybeDescribe(OracleStatement.java:1177)
	at oracle.jdbc.driver.OracleStatement.doExecuteWithTimeout(OracleStatement.java:1267)
	at oracle.jdbc.driver.OraclePreparedStatement.executeInternal(OraclePreparedStatement.java:3449)
	at oracle.jdbc.driver.OraclePreparedStatement.executeQuery(OraclePreparedStatement.java:3493)
	at oracle.jdbc.driver.OraclePreparedStatementWrapper.executeQuery(OraclePreparedStatementWrapper.java:1203)
	at oracle.jdbc.driver.OracleDatabaseMetaData.getColumnsWithWildcards(OracleDatabaseMetaData.java:326)
	at oracle.jdbc.driver.OracleDatabaseMetaData.getColumns(OracleDatabaseMetaData.java:125)
	at com.hudson.hibernatesynchronizer.db.MetaDataRetriever.readTableColumns(MetaDataRetriever.java:136)
	at com.hudson.hibernatesynchronizer.db.MetaDataRetriever.getTables(MetaDataRetriever.java:118)
	at com.hudson.hibernatesynchronizer.wizard.MappingWizardConnectionRunnable.run(MappingWizardConnectionRunnable.java:55)
	at org.eclipse.swt.custom.BusyIndicator.showWhile(BusyIndicator.java:70)
	at com.hudson.hibernatesynchronizer.wizard.NewMappingWizardPage.refreshTables(NewMappingWizardPage.java:665)
	at com.hudson.hibernatesynchronizer.wizard.NewMappingWizardPage.access$8(NewMappingWizardPage.java:657)
	at com.hudson.hibernatesynchronizer.wizard.NewMappingWizardPage$14.run(NewMappingWizardPage.java:532)
	at org.eclipse.jface.operation.ModalContext.runInCurrentThread(ModalContext.java:464)
	at org.eclipse.jface.operation.ModalContext.run(ModalContext.java:372)
	at org.eclipse.jface.dialogs.ProgressMonitorDialog.run(ProgressMonitorDialog.java:507)
	at com.hudson.hibernatesynchronizer.wizard.NewMappingWizardPage$13.widgetSelected(NewMappingWizardPage.java:526)
	at org.eclipse.swt.widgets.TypedListener.handleEvent(TypedListener.java:228)
	at org.eclipse.swt.widgets.EventTable.sendEvent(EventTable.java:84)
	at org.eclipse.swt.widgets.Widget.sendEvent(Widget.java:1003)
	at org.eclipse.swt.widgets.Display.runDeferredEvents(Display.java:3880)
	at org.eclipse.swt.widgets.Display.readAndDispatch(Display.java:3473)
	at org.eclipse.jface.window.Window.runEventLoop(Window.java:825)
	at org.eclipse.jface.window.Window.open(Window.java:801)
	at org.eclipse.ui.internal.handlers.WizardHandler$New.executeHandler(WizardHandler.java:253)
	at org.eclipse.ui.internal.handlers.WizardHandler.execute(WizardHandler.java:273)
	at org.eclipse.ui.internal.handlers.HandlerProxy.execute(HandlerProxy.java:294)
	at org.eclipse.core.commands.Command.executeWithChecks(Command.java:476)
	at org.eclipse.core.commands.ParameterizedCommand.executeWithChecks(ParameterizedCommand.java:508)
	at org.eclipse.ui.internal.handlers.HandlerService.executeCommand(HandlerService.java:169)
	at org.eclipse.ui.internal.handlers.SlaveHandlerService.executeCommand(SlaveHandlerService.java:241)
	at org.eclipse.ui.internal.actions.CommandAction.runWithEvent(CommandAction.java:157)
	at org.eclipse.jface.action.ActionContributionItem.handleWidgetSelection(ActionContributionItem.java:584)
	at org.eclipse.jface.action.ActionContributionItem.access$2(ActionContributionItem.java:501)
	at org.eclipse.jface.action.ActionContributionItem$5.handleEvent(ActionContributionItem.java:411)
	at org.eclipse.swt.widgets.EventTable.sendEvent(EventTable.java:84)
	at org.eclipse.swt.widgets.Widget.sendEvent(Widget.java:1003)
	at org.eclipse.swt.widgets.Display.runDeferredEvents(Display.java:3880)
	at org.eclipse.swt.widgets.Display.readAndDispatch(Display.java:3473)
	at org.eclipse.ui.internal.Workbench.runEventLoop(Workbench.java:2405)
	at org.eclipse.ui.internal.Workbench.runUI(Workbench.java:2369)
	at org.eclipse.ui.internal.Workbench.access$4(Workbench.java:2221)
	at org.eclipse.ui.internal.Workbench$5.run(Workbench.java:500)
	at org.eclipse.core.databinding.observable.Realm.runWithDefault(Realm.java:332)
	at org.eclipse.ui.internal.Workbench.createAndRunWorkbench(Workbench.java:493)
	at org.eclipse.ui.PlatformUI.createAndRunWorkbench(PlatformUI.java:149)
	at org.eclipse.ui.internal.ide.application.IDEApplication.start(IDEApplication.java:113)
	at org.eclipse.equinox.internal.app.EclipseAppHandle.run(EclipseAppHandle.java:194)
	at org.eclipse.core.runtime.internal.adaptor.EclipseAppLauncher.runApplication(EclipseAppLauncher.java:110)
	at org.eclipse.core.runtime.internal.adaptor.EclipseAppLauncher.start(EclipseAppLauncher.java:79)
	at org.eclipse.core.runtime.adaptor.EclipseStarter.run(EclipseStarter.java:368)
	at org.eclipse.core.runtime.adaptor.EclipseStarter.run(EclipseStarter.java:179)
	at sun.reflect.NativeMethodAccessorImpl.invoke0(Native Method)
	at sun.reflect.NativeMethodAccessorImpl.invoke(Unknown Source)
	at sun.reflect.DelegatingMethodAccessorImpl.invoke(Unknown Source)
	at java.lang.reflect.Method.invoke(Unknown Source)
	at org.eclipse.equinox.launcher.Main.invokeFramework(Main.java:559)
	at org.eclipse.equinox.launcher.Main.basicRun(Main.java:514)
	at org.eclipse.equinox.launcher.Main.run(Main.java:1311)

------------------ Wed Jan 13 23:11:07 CET 2010
java.sql.SQLException: ORA-01424: caractère manquant ou interdit suit le caractère d'échappement

	at oracle.jdbc.driver.T4CTTIoer.processError(T4CTTIoer.java:439)
	at oracle.jdbc.driver.T4CTTIoer.processError(T4CTTIoer.java:395)
	at oracle.jdbc.driver.T4C8Oall.processError(T4C8Oall.java:802)
	at oracle.jdbc.driver.T4CTTIfun.receive(T4CTTIfun.java:436)
	at oracle.jdbc.driver.T4CTTIfun.doRPC(T4CTTIfun.java:186)
	at oracle.jdbc.driver.T4C8Oall.doOALL(T4C8Oall.java:521)
	at oracle.jdbc.driver.T4CPreparedStatement.doOall8(T4CPreparedStatement.java:205)
	at oracle.jdbc.driver.T4CPreparedStatement.executeForRows(T4CPreparedStatement.java:1008)
	at oracle.jdbc.driver.OracleStatement.executeMaybeDescribe(OracleStatement.java:1177)
	at oracle.jdbc.driver.OracleStatement.doExecuteWithTimeout(OracleStatement.java:1267)
	at oracle.jdbc.driver.OraclePreparedStatement.executeInternal(OraclePreparedStatement.java:3449)
	at oracle.jdbc.driver.OraclePreparedStatement.executeQuery(OraclePreparedStatement.java:3493)
	at oracle.jdbc.driver.OraclePreparedStatementWrapper.executeQuery(OraclePreparedStatementWrapper.java:1203)
	at oracle.jdbc.driver.OracleDatabaseMetaData.getColumnsWithWildcards(OracleDatabaseMetaData.java:326)
	at oracle.jdbc.driver.OracleDatabaseMetaData.getColumns(OracleDatabaseMetaData.java:125)
	at com.hudson.hibernatesynchronizer.db.MetaDataRetriever.readTableColumns(MetaDataRetriever.java:136)
	at com.hudson.hibernatesynchronizer.db.MetaDataRetriever.getTables(MetaDataRetriever.java:118)
	at com.hudson.hibernatesynchronizer.wizard.MappingWizardConnectionRunnable.run(MappingWizardConnectionRunnable.java:55)
	at org.eclipse.swt.custom.BusyIndicator.showWhile(BusyIndicator.java:70)
	at com.hudson.hibernatesynchronizer.wizard.NewMappingWizardPage.refreshTables(NewMappingWizardPage.java:665)
	at com.hudson.hibernatesynchronizer.wizard.NewMappingWizardPage.access$8(NewMappingWizardPage.java:657)
	at com.hudson.hibernatesynchronizer.wizard.NewMappingWizardPage$14.run(NewMappingWizardPage.java:532)
	at org.eclipse.jface.operation.ModalContext.runInCurrentThread(ModalContext.java:464)
	at org.eclipse.jface.operation.ModalContext.run(ModalContext.java:372)
	at org.eclipse.jface.dialogs.ProgressMonitorDialog.run(ProgressMonitorDialog.java:507)
	at com.hudson.hibernatesynchronizer.wizard.NewMappingWizardPage$13.widgetSelected(NewMappingWizardPage.java:526)
	at org.eclipse.swt.widgets.TypedListener.handleEvent(TypedListener.java:228)
	at org.eclipse.swt.widgets.EventTable.sendEvent(EventTable.java:84)
	at org.eclipse.swt.widgets.Widget.sendEvent(Widget.java:1003)
	at org.eclipse.swt.widgets.Display.runDeferredEvents(Display.java:3880)
	at org.eclipse.swt.widgets.Display.readAndDispatch(Display.java:3473)
	at org.eclipse.jface.window.Window.runEventLoop(Window.java:825)
	at org.eclipse.jface.window.Window.open(Window.java:801)
	at org.eclipse.ui.internal.handlers.WizardHandler$New.executeHandler(WizardHandler.java:253)
	at org.eclipse.ui.internal.handlers.WizardHandler.execute(WizardHandler.java:273)
	at org.eclipse.ui.internal.handlers.HandlerProxy.execute(HandlerProxy.java:294)
	at org.eclipse.core.commands.Command.executeWithChecks(Command.java:476)
	at org.eclipse.core.commands.ParameterizedCommand.executeWithChecks(ParameterizedCommand.java:508)
	at org.eclipse.ui.internal.handlers.HandlerService.executeCommand(HandlerService.java:169)
	at org.eclipse.ui.internal.handlers.SlaveHandlerService.executeCommand(SlaveHandlerService.java:241)
	at org.eclipse.ui.internal.actions.CommandAction.runWithEvent(CommandAction.java:157)
	at org.eclipse.jface.action.ActionContributionItem.handleWidgetSelection(ActionContributionItem.java:584)
	at org.eclipse.jface.action.ActionContributionItem.access$2(ActionContributionItem.java:501)
	at org.eclipse.jface.action.ActionContributionItem$5.handleEvent(ActionContributionItem.java:411)
	at org.eclipse.swt.widgets.EventTable.sendEvent(EventTable.java:84)
	at org.eclipse.swt.widgets.Widget.sendEvent(Widget.java:1003)
	at org.eclipse.swt.widgets.Display.runDeferredEvents(Display.java:3880)
	at org.eclipse.swt.widgets.Display.readAndDispatch(Display.java:3473)
	at org.eclipse.ui.internal.Workbench.runEventLoop(Workbench.java:2405)
	at org.eclipse.ui.internal.Workbench.runUI(Workbench.java:2369)
	at org.eclipse.ui.internal.Workbench.access$4(Workbench.java:2221)
	at org.eclipse.ui.internal.Workbench$5.run(Workbench.java:500)
	at org.eclipse.core.databinding.observable.Realm.runWithDefault(Realm.java:332)
	at org.eclipse.ui.internal.Workbench.createAndRunWorkbench(Workbench.java:493)
	at org.eclipse.ui.PlatformUI.createAndRunWorkbench(PlatformUI.java:149)
	at org.eclipse.ui.internal.ide.application.IDEApplication.start(IDEApplication.java:113)
	at org.eclipse.equinox.internal.app.EclipseAppHandle.run(EclipseAppHandle.java:194)
	at org.eclipse.core.runtime.internal.adaptor.EclipseAppLauncher.runApplication(EclipseAppLauncher.java:110)
	at org.eclipse.core.runtime.internal.adaptor.EclipseAppLauncher.start(EclipseAppLauncher.java:79)
	at org.eclipse.core.runtime.adaptor.EclipseStarter.run(EclipseStarter.java:368)
	at org.eclipse.core.runtime.adaptor.EclipseStarter.run(EclipseStarter.java:179)
	at sun.reflect.NativeMethodAccessorImpl.invoke0(Native Method)
	at sun.reflect.NativeMethodAccessorImpl.invoke(Unknown Source)
	at sun.reflect.DelegatingMethodAccessorImpl.invoke(Unknown Source)
	at java.lang.reflect.Method.invoke(Unknown Source)
	at org.eclipse.equinox.launcher.Main.invokeFramework(Main.java:559)
	at org.eclipse.equinox.launcher.Main.basicRun(Main.java:514)
	at org.eclipse.equinox.launcher.Main.run(Main.java:1311)

------------------ Wed Jan 13 23:14:04 CET 2010
java.sql.SQLException: ORA-01424: caractère manquant ou interdit suit le caractère d'échappement

	at oracle.jdbc.driver.T4CTTIoer.processError(T4CTTIoer.java:439)
	at oracle.jdbc.driver.T4CTTIoer.processError(T4CTTIoer.java:395)
	at oracle.jdbc.driver.T4C8Oall.processError(T4C8Oall.java:802)
	at oracle.jdbc.driver.T4CTTIfun.receive(T4CTTIfun.java:436)
	at oracle.jdbc.driver.T4CTTIfun.doRPC(T4CTTIfun.java:186)
	at oracle.jdbc.driver.T4C8Oall.doOALL(T4C8Oall.java:521)
	at oracle.jdbc.driver.T4CPreparedStatement.doOall8(T4CPreparedStatement.java:205)
	at oracle.jdbc.driver.T4CPreparedStatement.executeForRows(T4CPreparedStatement.java:1008)
	at oracle.jdbc.driver.OracleStatement.executeMaybeDescribe(OracleStatement.java:1177)
	at oracle.jdbc.driver.OracleStatement.doExecuteWithTimeout(OracleStatement.java:1267)
	at oracle.jdbc.driver.OraclePreparedStatement.executeInternal(OraclePreparedStatement.java:3449)
	at oracle.jdbc.driver.OraclePreparedStatement.executeQuery(OraclePreparedStatement.java:3493)
	at oracle.jdbc.driver.OraclePreparedStatementWrapper.executeQuery(OraclePreparedStatementWrapper.java:1203)
	at oracle.jdbc.driver.OracleDatabaseMetaData.getColumnsWithWildcards(OracleDatabaseMetaData.java:326)
	at oracle.jdbc.driver.OracleDatabaseMetaData.getColumns(OracleDatabaseMetaData.java:125)
	at com.hudson.hibernatesynchronizer.db.MetaDataRetriever.readTableColumns(MetaDataRetriever.java:136)
	at com.hudson.hibernatesynchronizer.db.MetaDataRetriever.getTables(MetaDataRetriever.java:118)
	at com.hudson.hibernatesynchronizer.wizard.MappingWizardConnectionRunnable.run(MappingWizardConnectionRunnable.java:55)
	at org.eclipse.swt.custom.BusyIndicator.showWhile(BusyIndicator.java:70)
	at com.hudson.hibernatesynchronizer.wizard.NewMappingWizardPage.refreshTables(NewMappingWizardPage.java:665)
	at com.hudson.hibernatesynchronizer.wizard.NewMappingWizardPage.access$8(NewMappingWizardPage.java:657)
	at com.hudson.hibernatesynchronizer.wizard.NewMappingWizardPage$14.run(NewMappingWizardPage.java:532)
	at org.eclipse.jface.operation.ModalContext.runInCurrentThread(ModalContext.java:464)
	at org.eclipse.jface.operation.ModalContext.run(ModalContext.java:372)
	at org.eclipse.jface.dialogs.ProgressMonitorDialog.run(ProgressMonitorDialog.java:507)
	at com.hudson.hibernatesynchronizer.wizard.NewMappingWizardPage$13.widgetSelected(NewMappingWizardPage.java:526)
	at org.eclipse.swt.widgets.TypedListener.handleEvent(TypedListener.java:228)
	at org.eclipse.swt.widgets.EventTable.sendEvent(EventTable.java:84)
	at org.eclipse.swt.widgets.Widget.sendEvent(Widget.java:1003)
	at org.eclipse.swt.widgets.Display.runDeferredEvents(Display.java:3880)
	at org.eclipse.swt.widgets.Display.readAndDispatch(Display.java:3473)
	at org.eclipse.jface.window.Window.runEventLoop(Window.java:825)
	at org.eclipse.jface.window.Window.open(Window.java:801)
	at org.eclipse.ui.internal.handlers.WizardHandler$New.executeHandler(WizardHandler.java:253)
	at org.eclipse.ui.internal.handlers.WizardHandler.execute(WizardHandler.java:273)
	at org.eclipse.ui.internal.handlers.HandlerProxy.execute(HandlerProxy.java:294)
	at org.eclipse.core.commands.Command.executeWithChecks(Command.java:476)
	at org.eclipse.core.commands.ParameterizedCommand.executeWithChecks(ParameterizedCommand.java:508)
	at org.eclipse.ui.internal.handlers.HandlerService.executeCommand(HandlerService.java:169)
	at org.eclipse.ui.internal.handlers.SlaveHandlerService.executeCommand(SlaveHandlerService.java:241)
	at org.eclipse.ui.internal.actions.CommandAction.runWithEvent(CommandAction.java:157)
	at org.eclipse.jface.action.ActionContributionItem.handleWidgetSelection(ActionContributionItem.java:584)
	at org.eclipse.jface.action.ActionContributionItem.access$2(ActionContributionItem.java:501)
	at org.eclipse.jface.action.ActionContributionItem$5.handleEvent(ActionContributionItem.java:411)
	at org.eclipse.swt.widgets.EventTable.sendEvent(EventTable.java:84)
	at org.eclipse.swt.widgets.Widget.sendEvent(Widget.java:1003)
	at org.eclipse.swt.widgets.Display.runDeferredEvents(Display.java:3880)
	at org.eclipse.swt.widgets.Display.readAndDispatch(Display.java:3473)
	at org.eclipse.ui.internal.Workbench.runEventLoop(Workbench.java:2405)
	at org.eclipse.ui.internal.Workbench.runUI(Workbench.java:2369)
	at org.eclipse.ui.internal.Workbench.access$4(Workbench.java:2221)
	at org.eclipse.ui.internal.Workbench$5.run(Workbench.java:500)
	at org.eclipse.core.databinding.observable.Realm.runWithDefault(Realm.java:332)
	at org.eclipse.ui.internal.Workbench.createAndRunWorkbench(Workbench.java:493)
	at org.eclipse.ui.PlatformUI.createAndRunWorkbench(PlatformUI.java:149)
	at org.eclipse.ui.internal.ide.application.IDEApplication.start(IDEApplication.java:113)
	at org.eclipse.equinox.internal.app.EclipseAppHandle.run(EclipseAppHandle.java:194)
	at org.eclipse.core.runtime.internal.adaptor.EclipseAppLauncher.runApplication(EclipseAppLauncher.java:110)
	at org.eclipse.core.runtime.internal.adaptor.EclipseAppLauncher.start(EclipseAppLauncher.java:79)
	at org.eclipse.core.runtime.adaptor.EclipseStarter.run(EclipseStarter.java:368)
	at org.eclipse.core.runtime.adaptor.EclipseStarter.run(EclipseStarter.java:179)
	at sun.reflect.NativeMethodAccessorImpl.invoke0(Native Method)
	at sun.reflect.NativeMethodAccessorImpl.invoke(Unknown Source)
	at sun.reflect.DelegatingMethodAccessorImpl.invoke(Unknown Source)
	at java.lang.reflect.Method.invoke(Unknown Source)
	at org.eclipse.equinox.launcher.Main.invokeFramework(Main.java:559)
	at org.eclipse.equinox.launcher.Main.basicRun(Main.java:514)
	at org.eclipse.equinox.launcher.Main.run(Main.java:1311)

------------------ Wed Jan 13 23:18:04 CET 2010
java.sql.SQLException: ORA-01424: caractère manquant ou interdit suit le caractère d'échappement

	at oracle.jdbc.driver.T4CTTIoer.processError(T4CTTIoer.java:439)
	at oracle.jdbc.driver.T4CTTIoer.processError(T4CTTIoer.java:395)
	at oracle.jdbc.driver.T4C8Oall.processError(T4C8Oall.java:802)
	at oracle.jdbc.driver.T4CTTIfun.receive(T4CTTIfun.java:436)
	at oracle.jdbc.driver.T4CTTIfun.doRPC(T4CTTIfun.java:186)
	at oracle.jdbc.driver.T4C8Oall.doOALL(T4C8Oall.java:521)
	at oracle.jdbc.driver.T4CPreparedStatement.doOall8(T4CPreparedStatement.java:205)
	at oracle.jdbc.driver.T4CPreparedStatement.executeForRows(T4CPreparedStatement.java:1008)
	at oracle.jdbc.driver.OracleStatement.executeMaybeDescribe(OracleStatement.java:1177)
	at oracle.jdbc.driver.OracleStatement.doExecuteWithTimeout(OracleStatement.java:1267)
	at oracle.jdbc.driver.OraclePreparedStatement.executeInternal(OraclePreparedStatement.java:3449)
	at oracle.jdbc.driver.OraclePreparedStatement.executeQuery(OraclePreparedStatement.java:3493)
	at oracle.jdbc.driver.OraclePreparedStatementWrapper.executeQuery(OraclePreparedStatementWrapper.java:1203)
	at oracle.jdbc.driver.OracleDatabaseMetaData.getColumnsWithWildcards(OracleDatabaseMetaData.java:326)
	at oracle.jdbc.driver.OracleDatabaseMetaData.getColumns(OracleDatabaseMetaData.java:125)
	at com.hudson.hibernatesynchronizer.db.MetaDataRetriever.readTableColumns(MetaDataRetriever.java:136)
	at com.hudson.hibernatesynchronizer.db.MetaDataRetriever.getTables(MetaDataRetriever.java:118)
	at com.hudson.hibernatesynchronizer.wizard.MappingWizardConnectionRunnable.run(MappingWizardConnectionRunnable.java:55)
	at org.eclipse.swt.custom.BusyIndicator.showWhile(BusyIndicator.java:70)
	at com.hudson.hibernatesynchronizer.wizard.NewMappingWizardPage.refreshTables(NewMappingWizardPage.java:665)
	at com.hudson.hibernatesynchronizer.wizard.NewMappingWizardPage.access$8(NewMappingWizardPage.java:657)
	at com.hudson.hibernatesynchronizer.wizard.NewMappingWizardPage$14.run(NewMappingWizardPage.java:532)
	at org.eclipse.jface.operation.ModalContext.runInCurrentThread(ModalContext.java:464)
	at org.eclipse.jface.operation.ModalContext.run(ModalContext.java:372)
	at org.eclipse.jface.dialogs.ProgressMonitorDialog.run(ProgressMonitorDialog.java:507)
	at com.hudson.hibernatesynchronizer.wizard.NewMappingWizardPage$13.widgetSelected(NewMappingWizardPage.java:526)
	at org.eclipse.swt.widgets.TypedListener.handleEvent(TypedListener.java:228)
	at org.eclipse.swt.widgets.EventTable.sendEvent(EventTable.java:84)
	at org.eclipse.swt.widgets.Widget.sendEvent(Widget.java:1003)
	at org.eclipse.swt.widgets.Display.runDeferredEvents(Display.java:3880)
	at org.eclipse.swt.widgets.Display.readAndDispatch(Display.java:3473)
	at org.eclipse.jface.window.Window.runEventLoop(Window.java:825)
	at org.eclipse.jface.window.Window.open(Window.java:801)
	at org.eclipse.ui.internal.handlers.WizardHandler$New.executeHandler(WizardHandler.java:253)
	at org.eclipse.ui.internal.handlers.WizardHandler.execute(WizardHandler.java:273)
	at org.eclipse.ui.internal.handlers.HandlerProxy.execute(HandlerProxy.java:294)
	at org.eclipse.core.commands.Command.executeWithChecks(Command.java:476)
	at org.eclipse.core.commands.ParameterizedCommand.executeWithChecks(ParameterizedCommand.java:508)
	at org.eclipse.ui.internal.handlers.HandlerService.executeCommand(HandlerService.java:169)
	at org.eclipse.ui.internal.handlers.SlaveHandlerService.executeCommand(SlaveHandlerService.java:241)
	at org.eclipse.ui.internal.actions.CommandAction.runWithEvent(CommandAction.java:157)
	at org.eclipse.jface.action.ActionContributionItem.handleWidgetSelection(ActionContributionItem.java:584)
	at org.eclipse.jface.action.ActionContributionItem.access$2(ActionContributionItem.java:501)
	at org.eclipse.jface.action.ActionContributionItem$5.handleEvent(ActionContributionItem.java:411)
	at org.eclipse.swt.widgets.EventTable.sendEvent(EventTable.java:84)
	at org.eclipse.swt.widgets.Widget.sendEvent(Widget.java:1003)
	at org.eclipse.swt.widgets.Display.runDeferredEvents(Display.java:3880)
	at org.eclipse.swt.widgets.Display.readAndDispatch(Display.java:3473)
	at org.eclipse.ui.internal.Workbench.runEventLoop(Workbench.java:2405)
	at org.eclipse.ui.internal.Workbench.runUI(Workbench.java:2369)
	at org.eclipse.ui.internal.Workbench.access$4(Workbench.java:2221)
	at org.eclipse.ui.internal.Workbench$5.run(Workbench.java:500)
	at org.eclipse.core.databinding.observable.Realm.runWithDefault(Realm.java:332)
	at org.eclipse.ui.internal.Workbench.createAndRunWorkbench(Workbench.java:493)
	at org.eclipse.ui.PlatformUI.createAndRunWorkbench(PlatformUI.java:149)
	at org.eclipse.ui.internal.ide.application.IDEApplication.start(IDEApplication.java:113)
	at org.eclipse.equinox.internal.app.EclipseAppHandle.run(EclipseAppHandle.java:194)
	at org.eclipse.core.runtime.internal.adaptor.EclipseAppLauncher.runApplication(EclipseAppLauncher.java:110)
	at org.eclipse.core.runtime.internal.adaptor.EclipseAppLauncher.start(EclipseAppLauncher.java:79)
	at org.eclipse.core.runtime.adaptor.EclipseStarter.run(EclipseStarter.java:368)
	at org.eclipse.core.runtime.adaptor.EclipseStarter.run(EclipseStarter.java:179)
	at sun.reflect.NativeMethodAccessorImpl.invoke0(Native Method)
	at sun.reflect.NativeMethodAccessorImpl.invoke(Unknown Source)
	at sun.reflect.DelegatingMethodAccessorImpl.invoke(Unknown Source)
	at java.lang.reflect.Method.invoke(Unknown Source)
	at org.eclipse.equinox.launcher.Main.invokeFramework(Main.java:559)
	at org.eclipse.equinox.launcher.Main.basicRun(Main.java:514)
	at org.eclipse.equinox.launcher.Main.run(Main.java:1311)

------------------ Wed Jan 13 23:18:07 CET 2010
java.sql.SQLException: ORA-01424: caractère manquant ou interdit suit le caractère d'échappement

	at oracle.jdbc.driver.T4CTTIoer.processError(T4CTTIoer.java:439)
	at oracle.jdbc.driver.T4CTTIoer.processError(T4CTTIoer.java:395)
	at oracle.jdbc.driver.T4C8Oall.processError(T4C8Oall.java:802)
	at oracle.jdbc.driver.T4CTTIfun.receive(T4CTTIfun.java:436)
	at oracle.jdbc.driver.T4CTTIfun.doRPC(T4CTTIfun.java:186)
	at oracle.jdbc.driver.T4C8Oall.doOALL(T4C8Oall.java:521)
	at oracle.jdbc.driver.T4CPreparedStatement.doOall8(T4CPreparedStatement.java:205)
	at oracle.jdbc.driver.T4CPreparedStatement.executeForRows(T4CPreparedStatement.java:1008)
	at oracle.jdbc.driver.OracleStatement.executeMaybeDescribe(OracleStatement.java:1177)
	at oracle.jdbc.driver.OracleStatement.doExecuteWithTimeout(OracleStatement.java:1267)
	at oracle.jdbc.driver.OraclePreparedStatement.executeInternal(OraclePreparedStatement.java:3449)
	at oracle.jdbc.driver.OraclePreparedStatement.executeQuery(OraclePreparedStatement.java:3493)
	at oracle.jdbc.driver.OraclePreparedStatementWrapper.executeQuery(OraclePreparedStatementWrapper.java:1203)
	at oracle.jdbc.driver.OracleDatabaseMetaData.getColumnsWithWildcards(OracleDatabaseMetaData.java:326)
	at oracle.jdbc.driver.OracleDatabaseMetaData.getColumns(OracleDatabaseMetaData.java:125)
	at com.hudson.hibernatesynchronizer.db.MetaDataRetriever.readTableColumns(MetaDataRetriever.java:136)
	at com.hudson.hibernatesynchronizer.db.MetaDataRetriever.getTables(MetaDataRetriever.java:118)
	at com.hudson.hibernatesynchronizer.wizard.MappingWizardConnectionRunnable.run(MappingWizardConnectionRunnable.java:55)
	at org.eclipse.swt.custom.BusyIndicator.showWhile(BusyIndicator.java:70)
	at com.hudson.hibernatesynchronizer.wizard.NewMappingWizardPage.refreshTables(NewMappingWizardPage.java:665)
	at com.hudson.hibernatesynchronizer.wizard.NewMappingWizardPage.access$8(NewMappingWizardPage.java:657)
	at com.hudson.hibernatesynchronizer.wizard.NewMappingWizardPage$14.run(NewMappingWizardPage.java:532)
	at org.eclipse.jface.operation.ModalContext.runInCurrentThread(ModalContext.java:464)
	at org.eclipse.jface.operation.ModalContext.run(ModalContext.java:372)
	at org.eclipse.jface.dialogs.ProgressMonitorDialog.run(ProgressMonitorDialog.java:507)
	at com.hudson.hibernatesynchronizer.wizard.NewMappingWizardPage$13.widgetSelected(NewMappingWizardPage.java:526)
	at org.eclipse.swt.widgets.TypedListener.handleEvent(TypedListener.java:228)
	at org.eclipse.swt.widgets.EventTable.sendEvent(EventTable.java:84)
	at org.eclipse.swt.widgets.Widget.sendEvent(Widget.java:1003)
	at org.eclipse.swt.widgets.Display.runDeferredEvents(Display.java:3880)
	at org.eclipse.swt.widgets.Display.readAndDispatch(Display.java:3473)
	at org.eclipse.jface.window.Window.runEventLoop(Window.java:825)
	at org.eclipse.jface.window.Window.open(Window.java:801)
	at org.eclipse.ui.internal.handlers.WizardHandler$New.executeHandler(WizardHandler.java:253)
	at org.eclipse.ui.internal.handlers.WizardHandler.execute(WizardHandler.java:273)
	at org.eclipse.ui.internal.handlers.HandlerProxy.execute(HandlerProxy.java:294)
	at org.eclipse.core.commands.Command.executeWithChecks(Command.java:476)
	at org.eclipse.core.commands.ParameterizedCommand.executeWithChecks(ParameterizedCommand.java:508)
	at org.eclipse.ui.internal.handlers.HandlerService.executeCommand(HandlerService.java:169)
	at org.eclipse.ui.internal.handlers.SlaveHandlerService.executeCommand(SlaveHandlerService.java:241)
	at org.eclipse.ui.internal.actions.CommandAction.runWithEvent(CommandAction.java:157)
	at org.eclipse.jface.action.ActionContributionItem.handleWidgetSelection(ActionContributionItem.java:584)
	at org.eclipse.jface.action.ActionContributionItem.access$2(ActionContributionItem.java:501)
	at org.eclipse.jface.action.ActionContributionItem$5.handleEvent(ActionContributionItem.java:411)
	at org.eclipse.swt.widgets.EventTable.sendEvent(EventTable.java:84)
	at org.eclipse.swt.widgets.Widget.sendEvent(Widget.java:1003)
	at org.eclipse.swt.widgets.Display.runDeferredEvents(Display.java:3880)
	at org.eclipse.swt.widgets.Display.readAndDispatch(Display.java:3473)
	at org.eclipse.ui.internal.Workbench.runEventLoop(Workbench.java:2405)
	at org.eclipse.ui.internal.Workbench.runUI(Workbench.java:2369)
	at org.eclipse.ui.internal.Workbench.access$4(Workbench.java:2221)
	at org.eclipse.ui.internal.Workbench$5.run(Workbench.java:500)
	at org.eclipse.core.databinding.observable.Realm.runWithDefault(Realm.java:332)
	at org.eclipse.ui.internal.Workbench.createAndRunWorkbench(Workbench.java:493)
	at org.eclipse.ui.PlatformUI.createAndRunWorkbench(PlatformUI.java:149)
	at org.eclipse.ui.internal.ide.application.IDEApplication.start(IDEApplication.java:113)
	at org.eclipse.equinox.internal.app.EclipseAppHandle.run(EclipseAppHandle.java:194)
	at org.eclipse.core.runtime.internal.adaptor.EclipseAppLauncher.runApplication(EclipseAppLauncher.java:110)
	at org.eclipse.core.runtime.internal.adaptor.EclipseAppLauncher.start(EclipseAppLauncher.java:79)
	at org.eclipse.core.runtime.adaptor.EclipseStarter.run(EclipseStarter.java:368)
	at org.eclipse.core.runtime.adaptor.EclipseStarter.run(EclipseStarter.java:179)
	at sun.reflect.NativeMethodAccessorImpl.invoke0(Native Method)
	at sun.reflect.NativeMethodAccessorImpl.invoke(Unknown Source)
	at sun.reflect.DelegatingMethodAccessorImpl.invoke(Unknown Source)
	at java.lang.reflect.Method.invoke(Unknown Source)
	at org.eclipse.equinox.launcher.Main.invokeFramework(Main.java:559)
	at org.eclipse.equinox.launcher.Main.basicRun(Main.java:514)
	at org.eclipse.equinox.launcher.Main.run(Main.java:1311)

------------------ Wed Jan 13 23:30:50 CET 2010
java.sql.SQLException: ORA-01424: caractère manquant ou interdit suit le caractère d'échappement

	at oracle.jdbc.driver.T4CTTIoer.processError(T4CTTIoer.java:439)
	at oracle.jdbc.driver.T4CTTIoer.processError(T4CTTIoer.java:395)
	at oracle.jdbc.driver.T4C8Oall.processError(T4C8Oall.java:802)
	at oracle.jdbc.driver.T4CTTIfun.receive(T4CTTIfun.java:436)
	at oracle.jdbc.driver.T4CTTIfun.doRPC(T4CTTIfun.java:186)
	at oracle.jdbc.driver.T4C8Oall.doOALL(T4C8Oall.java:521)
	at oracle.jdbc.driver.T4CPreparedStatement.doOall8(T4CPreparedStatement.java:205)
	at oracle.jdbc.driver.T4CPreparedStatement.executeForRows(T4CPreparedStatement.java:1008)
	at oracle.jdbc.driver.OracleStatement.executeMaybeDescribe(OracleStatement.java:1177)
	at oracle.jdbc.driver.OracleStatement.doExecuteWithTimeout(OracleStatement.java:1267)
	at oracle.jdbc.driver.OraclePreparedStatement.executeInternal(OraclePreparedStatement.java:3449)
	at oracle.jdbc.driver.OraclePreparedStatement.executeQuery(OraclePreparedStatement.java:3493)
	at oracle.jdbc.driver.OraclePreparedStatementWrapper.executeQuery(OraclePreparedStatementWrapper.java:1203)
	at oracle.jdbc.driver.OracleDatabaseMetaData.getColumnsWithWildcards(OracleDatabaseMetaData.java:326)
	at oracle.jdbc.driver.OracleDatabaseMetaData.getColumns(OracleDatabaseMetaData.java:125)
	at com.hudson.hibernatesynchronizer.db.MetaDataRetriever.readTableColumns(MetaDataRetriever.java:136)
	at com.hudson.hibernatesynchronizer.db.MetaDataRetriever.getTables(MetaDataRetriever.java:118)
	at com.hudson.hibernatesynchronizer.wizard.MappingWizardConnectionRunnable.run(MappingWizardConnectionRunnable.java:55)
	at org.eclipse.swt.custom.BusyIndicator.showWhile(BusyIndicator.java:70)
	at com.hudson.hibernatesynchronizer.wizard.NewMappingWizardPage.refreshTables(NewMappingWizardPage.java:665)
	at com.hudson.hibernatesynchronizer.wizard.NewMappingWizardPage.access$8(NewMappingWizardPage.java:657)
	at com.hudson.hibernatesynchronizer.wizard.NewMappingWizardPage$14.run(NewMappingWizardPage.java:532)
	at org.eclipse.jface.operation.ModalContext.runInCurrentThread(ModalContext.java:464)
	at org.eclipse.jface.operation.ModalContext.run(ModalContext.java:372)
	at org.eclipse.jface.dialogs.ProgressMonitorDialog.run(ProgressMonitorDialog.java:507)
	at com.hudson.hibernatesynchronizer.wizard.NewMappingWizardPage$13.widgetSelected(NewMappingWizardPage.java:526)
	at org.eclipse.swt.widgets.TypedListener.handleEvent(TypedListener.java:228)
	at org.eclipse.swt.widgets.EventTable.sendEvent(EventTable.java:84)
	at org.eclipse.swt.widgets.Widget.sendEvent(Widget.java:1003)
	at org.eclipse.swt.widgets.Display.runDeferredEvents(Display.java:3880)
	at org.eclipse.swt.widgets.Display.readAndDispatch(Display.java:3473)
	at org.eclipse.jface.window.Window.runEventLoop(Window.java:825)
	at org.eclipse.jface.window.Window.open(Window.java:801)
	at org.eclipse.ui.internal.handlers.WizardHandler$New.executeHandler(WizardHandler.java:253)
	at org.eclipse.ui.internal.handlers.WizardHandler.execute(WizardHandler.java:273)
	at org.eclipse.ui.internal.handlers.HandlerProxy.execute(HandlerProxy.java:294)
	at org.eclipse.core.commands.Command.executeWithChecks(Command.java:476)
	at org.eclipse.core.commands.ParameterizedCommand.executeWithChecks(ParameterizedCommand.java:508)
	at org.eclipse.ui.internal.handlers.HandlerService.executeCommand(HandlerService.java:169)
	at org.eclipse.ui.internal.handlers.SlaveHandlerService.executeCommand(SlaveHandlerService.java:241)
	at org.eclipse.ui.internal.actions.CommandAction.runWithEvent(CommandAction.java:157)
	at org.eclipse.jface.action.ActionContributionItem.handleWidgetSelection(ActionContributionItem.java:584)
	at org.eclipse.jface.action.ActionContributionItem.access$2(ActionContributionItem.java:501)
	at org.eclipse.jface.action.ActionContributionItem$5.handleEvent(ActionContributionItem.java:411)
	at org.eclipse.swt.widgets.EventTable.sendEvent(EventTable.java:84)
	at org.eclipse.swt.widgets.Widget.sendEvent(Widget.java:1003)
	at org.eclipse.swt.widgets.Display.runDeferredEvents(Display.java:3880)
	at org.eclipse.swt.widgets.Display.readAndDispatch(Display.java:3473)
	at org.eclipse.ui.internal.Workbench.runEventLoop(Workbench.java:2405)
	at org.eclipse.ui.internal.Workbench.runUI(Workbench.java:2369)
	at org.eclipse.ui.internal.Workbench.access$4(Workbench.java:2221)
	at org.eclipse.ui.internal.Workbench$5.run(Workbench.java:500)
	at org.eclipse.core.databinding.observable.Realm.runWithDefault(Realm.java:332)
	at org.eclipse.ui.internal.Workbench.createAndRunWorkbench(Workbench.java:493)
	at org.eclipse.ui.PlatformUI.createAndRunWorkbench(PlatformUI.java:149)
	at org.eclipse.ui.internal.ide.application.IDEApplication.start(IDEApplication.java:113)
	at org.eclipse.equinox.internal.app.EclipseAppHandle.run(EclipseAppHandle.java:194)
	at org.eclipse.core.runtime.internal.adaptor.EclipseAppLauncher.runApplication(EclipseAppLauncher.java:110)
	at org.eclipse.core.runtime.internal.adaptor.EclipseAppLauncher.start(EclipseAppLauncher.java:79)
	at org.eclipse.core.runtime.adaptor.EclipseStarter.run(EclipseStarter.java:368)
	at org.eclipse.core.runtime.adaptor.EclipseStarter.run(EclipseStarter.java:179)
	at sun.reflect.NativeMethodAccessorImpl.invoke0(Native Method)
	at sun.reflect.NativeMethodAccessorImpl.invoke(Unknown Source)
	at sun.reflect.DelegatingMethodAccessorImpl.invoke(Unknown Source)
	at java.lang.reflect.Method.invoke(Unknown Source)
	at org.eclipse.equinox.launcher.Main.invokeFramework(Main.java:559)
	at org.eclipse.equinox.launcher.Main.basicRun(Main.java:514)
	at org.eclipse.equinox.launcher.Main.run(Main.java:1311)

------------------ Wed Jan 13 23:44:08 CET 2010
java.sql.SQLException: ORA-01424: caractère manquant ou interdit suit le caractère d'échappement

	at oracle.jdbc.driver.T4CTTIoer.processError(T4CTTIoer.java:439)
	at oracle.jdbc.driver.T4CTTIoer.processError(T4CTTIoer.java:395)
	at oracle.jdbc.driver.T4C8Oall.processError(T4C8Oall.java:802)
	at oracle.jdbc.driver.T4CTTIfun.receive(T4CTTIfun.java:436)
	at oracle.jdbc.driver.T4CTTIfun.doRPC(T4CTTIfun.java:186)
	at oracle.jdbc.driver.T4C8Oall.doOALL(T4C8Oall.java:521)
	at oracle.jdbc.driver.T4CPreparedStatement.doOall8(T4CPreparedStatement.java:205)
	at oracle.jdbc.driver.T4CPreparedStatement.executeForRows(T4CPreparedStatement.java:1008)
	at oracle.jdbc.driver.OracleStatement.executeMaybeDescribe(OracleStatement.java:1177)
	at oracle.jdbc.driver.OracleStatement.doExecuteWithTimeout(OracleStatement.java:1267)
	at oracle.jdbc.driver.OraclePreparedStatement.executeInternal(OraclePreparedStatement.java:3449)
	at oracle.jdbc.driver.OraclePreparedStatement.executeQuery(OraclePreparedStatement.java:3493)
	at oracle.jdbc.driver.OraclePreparedStatementWrapper.executeQuery(OraclePreparedStatementWrapper.java:1203)
	at oracle.jdbc.driver.OracleDatabaseMetaData.getColumnsWithWildcards(OracleDatabaseMetaData.java:326)
	at oracle.jdbc.driver.OracleDatabaseMetaData.getColumns(OracleDatabaseMetaData.java:125)
	at com.hudson.hibernatesynchronizer.db.MetaDataRetriever.readTableColumns(MetaDataRetriever.java:136)
	at com.hudson.hibernatesynchronizer.db.MetaDataRetriever.getTables(MetaDataRetriever.java:118)
	at com.hudson.hibernatesynchronizer.wizard.MappingWizardConnectionRunnable.run(MappingWizardConnectionRunnable.java:55)
	at org.eclipse.swt.custom.BusyIndicator.showWhile(BusyIndicator.java:70)
	at com.hudson.hibernatesynchronizer.wizard.NewMappingWizardPage.refreshTables(NewMappingWizardPage.java:665)
	at com.hudson.hibernatesynchronizer.wizard.NewMappingWizardPage.access$8(NewMappingWizardPage.java:657)
	at com.hudson.hibernatesynchronizer.wizard.NewMappingWizardPage$14.run(NewMappingWizardPage.java:532)
	at org.eclipse.jface.operation.ModalContext.runInCurrentThread(ModalContext.java:464)
	at org.eclipse.jface.operation.ModalContext.run(ModalContext.java:372)
	at org.eclipse.jface.dialogs.ProgressMonitorDialog.run(ProgressMonitorDialog.java:507)
	at com.hudson.hibernatesynchronizer.wizard.NewMappingWizardPage$13.widgetSelected(NewMappingWizardPage.java:526)
	at org.eclipse.swt.widgets.TypedListener.handleEvent(TypedListener.java:228)
	at org.eclipse.swt.widgets.EventTable.sendEvent(EventTable.java:84)
	at org.eclipse.swt.widgets.Widget.sendEvent(Widget.java:1003)
	at org.eclipse.swt.widgets.Display.runDeferredEvents(Display.java:3880)
	at org.eclipse.swt.widgets.Display.readAndDispatch(Display.java:3473)
	at org.eclipse.jface.window.Window.runEventLoop(Window.java:825)
	at org.eclipse.jface.window.Window.open(Window.java:801)
	at org.eclipse.ui.internal.handlers.WizardHandler$New.executeHandler(WizardHandler.java:253)
	at org.eclipse.ui.internal.handlers.WizardHandler.execute(WizardHandler.java:273)
	at org.eclipse.ui.internal.handlers.HandlerProxy.execute(HandlerProxy.java:294)
	at org.eclipse.core.commands.Command.executeWithChecks(Command.java:476)
	at org.eclipse.core.commands.ParameterizedCommand.executeWithChecks(ParameterizedCommand.java:508)
	at org.eclipse.ui.internal.handlers.HandlerService.executeCommand(HandlerService.java:169)
	at org.eclipse.ui.internal.handlers.SlaveHandlerService.executeCommand(SlaveHandlerService.java:241)
	at org.eclipse.ui.internal.actions.CommandAction.runWithEvent(CommandAction.java:157)
	at org.eclipse.jface.action.ActionContributionItem.handleWidgetSelection(ActionContributionItem.java:584)
	at org.eclipse.jface.action.ActionContributionItem.access$2(ActionContributionItem.java:501)
	at org.eclipse.jface.action.ActionContributionItem$5.handleEvent(ActionContributionItem.java:411)
	at org.eclipse.swt.widgets.EventTable.sendEvent(EventTable.java:84)
	at org.eclipse.swt.widgets.Widget.sendEvent(Widget.java:1003)
	at org.eclipse.swt.widgets.Display.runDeferredEvents(Display.java:3880)
	at org.eclipse.swt.widgets.Display.readAndDispatch(Display.java:3473)
	at org.eclipse.ui.internal.Workbench.runEventLoop(Workbench.java:2405)
	at org.eclipse.ui.internal.Workbench.runUI(Workbench.java:2369)
	at org.eclipse.ui.internal.Workbench.access$4(Workbench.java:2221)
	at org.eclipse.ui.internal.Workbench$5.run(Workbench.java:500)
	at org.eclipse.core.databinding.observable.Realm.runWithDefault(Realm.java:332)
	at org.eclipse.ui.internal.Workbench.createAndRunWorkbench(Workbench.java:493)
	at org.eclipse.ui.PlatformUI.createAndRunWorkbench(PlatformUI.java:149)
	at org.eclipse.ui.internal.ide.application.IDEApplication.start(IDEApplication.java:113)
	at org.eclipse.equinox.internal.app.EclipseAppHandle.run(EclipseAppHandle.java:194)
	at org.eclipse.core.runtime.internal.adaptor.EclipseAppLauncher.runApplication(EclipseAppLauncher.java:110)
	at org.eclipse.core.runtime.internal.adaptor.EclipseAppLauncher.start(EclipseAppLauncher.java:79)
	at org.eclipse.core.runtime.adaptor.EclipseStarter.run(EclipseStarter.java:368)
	at org.eclipse.core.runtime.adaptor.EclipseStarter.run(EclipseStarter.java:179)
	at sun.reflect.NativeMethodAccessorImpl.invoke0(Native Method)
	at sun.reflect.NativeMethodAccessorImpl.invoke(Unknown Source)
	at sun.reflect.DelegatingMethodAccessorImpl.invoke(Unknown Source)
	at java.lang.reflect.Method.invoke(Unknown Source)
	at org.eclipse.equinox.launcher.Main.invokeFramework(Main.java:559)
	at org.eclipse.equinox.launcher.Main.basicRun(Main.java:514)
	at org.eclipse.equinox.launcher.Main.run(Main.java:1311)
